<?xml version="1.0" encoding="UTF-8"?>
<!-- Generated by org.testng.reporters.JUnitReportReporter -->
<testsuite hostname="LAPTOP-01NIDKDI" failures="0" tests="1" name="com.Store_Ganesh.Verify_User_is_able_To_AddProduct" time="3.638" errors="0" timestamp="2024-08-01T10:55:07 IST" skipped="0">
  <testcase classname="com.Store_Ganesh.Verify_User_is_able_To_AddProduct" name="addProduct" time="3.638"/>
</testsuite> <!-- com.Store_Ganesh.Verify_User_is_able_To_AddProduct -->
